<?xml version="1.0" encoding="UTF-8"?>
<!-- Generated by org.testng.reporters.JUnitReportReporter -->
<testsuite hostname="LAPTOP-NTIC0IO9" failures="0" tests="3" name="TestCases.SimpliLearnLoginTest" time="292.258" errors="0" timestamp="2022-09-17T19:26:32 IST" skipped="0">
  <testcase classname="TestCases.SimpliLearnLoginTest" name="Test3" time="101.252"/>
  <system-out/>
  <testcase classname="TestCases.SimpliLearnLoginTest" name="Test2" time="97.645"/>
  <system-out/>
  <testcase classname="TestCases.SimpliLearnLoginTest" name="Test1" time="93.361"/>
  <system-out/>
</testsuite> <!-- TestCases.SimpliLearnLoginTest -->
