<?xml version="1.0" encoding="UTF-8"?>
<!-- Generated by org.testng.reporters.JUnitReportReporter -->
<testsuite hostname="LAPTOP-NTIC0IO9" failures="0" tests="3" name="TestCases.SimpliLearnLoginTest" time="165.272" errors="0" timestamp="2022-09-11T10:40:35 IST" skipped="0">
  <testcase classname="TestCases.SimpliLearnLoginTest" name="Test1" time="49.721"/>
  <system-out/>
  <testcase classname="TestCases.SimpliLearnLoginTest" name="Test3" time="64.239"/>
  <system-out/>
  <testcase classname="TestCases.SimpliLearnLoginTest" name="Test2" time="51.312"/>
  <system-out/>
</testsuite> <!-- TestCases.SimpliLearnLoginTest -->
