<?xml version="1.0" encoding="UTF-8"?>
<!-- Generated by org.testng.reporters.JUnitReportReporter -->
<testsuite hostname="LAPTOP-NTIC0IO9" failures="0" tests="1" name="TestCases.HomeTest" time="11.078" errors="0" timestamp="2022-09-11T10:40:35 IST" skipped="0">
  <testcase classname="TestCases.HomeTest" name="test1" time="11.078"/>
  <system-out/>
</testsuite> <!-- TestCases.HomeTest -->
