<?xml version="1.0" encoding="UTF-8"?>
<!-- Generated by org.testng.reporters.JUnitReportReporter -->
<testsuite hostname="LAPTOP-NTIC0IO9" failures="0" tests="3" name="TestCases.SimpliLearnLoginTest" time="116.386" errors="0" timestamp="2022-09-11T13:34:03 IST" skipped="0">
  <testcase classname="TestCases.SimpliLearnLoginTest" name="Test3" time="57.731"/>
  <system-out/>
  <testcase classname="TestCases.SimpliLearnLoginTest" name="Test1" time="27.256"/>
  <system-out/>
  <testcase classname="TestCases.SimpliLearnLoginTest" name="Test2" time="31.399"/>
  <system-out/>
</testsuite> <!-- TestCases.SimpliLearnLoginTest -->
