<?xml version="1.0" encoding="UTF-8"?>
<!-- Generated by org.testng.reporters.JUnitReportReporter -->
<testsuite hostname="LAPTOP-NTIC0IO9" failures="0" tests="3" name="TestCases.SimpliLearnLoginTest" time="141.410" errors="0" timestamp="25 Sep 2022 04:49:41 GMT" skipped="0">
  <testcase classname="TestCases.SimpliLearnLoginTest" name="Test3" time="64.800"/>
  <testcase classname="TestCases.SimpliLearnLoginTest" name="Test2" time="35.087"/>
  <testcase classname="TestCases.SimpliLearnLoginTest" name="Test1" time="41.523"/>
</testsuite> <!-- TestCases.SimpliLearnLoginTest -->
