<?xml version="1.0" encoding="UTF-8"?>
<!-- Generated by org.testng.reporters.JUnitReportReporter -->
<testsuite skipped="0" hostname="LAPTOP-NTIC0IO9" name="TestCases.HomeTest" tests="1" failures="0" timestamp="2022-09-10T12:40:35 IST" time="4.777" errors="0">
  <testcase name="test1" time="4.777" classname="TestCases.HomeTest"/>
  <system-out/>
</testsuite> <!-- TestCases.HomeTest -->
