<?xml version="1.0" encoding="UTF-8"?>
<!-- Generated by org.testng.reporters.JUnitReportReporter -->
<testsuite skipped="0" hostname="LAPTOP-NTIC0IO9" name="TestCases.SimpliLearnLoginTest" tests="3" failures="0" timestamp="18 Sep 2022 06:38:25 GMT" time="81.846" errors="0">
  <testcase name="Test2" time="24.302" classname="TestCases.SimpliLearnLoginTest"/>
  <testcase name="Test3" time="29.986" classname="TestCases.SimpliLearnLoginTest"/>
  <testcase name="Test1" time="27.558" classname="TestCases.SimpliLearnLoginTest"/>
</testsuite> <!-- TestCases.SimpliLearnLoginTest -->
