<?xml version="1.0" encoding="UTF-8"?>
<!-- Generated by org.testng.reporters.JUnitReportReporter -->
<testsuite skipped="0" hostname="LAPTOP-NTIC0IO9" name="TestCases.SimpliLearnLoginTest" tests="2" failures="0" timestamp="2022-09-10T12:40:35 IST" time="56.799" errors="0">
  <testcase name="Test1" time="29.686" classname="TestCases.SimpliLearnLoginTest"/>
  <system-out/>
  <testcase name="Test2" time="27.113" classname="TestCases.SimpliLearnLoginTest"/>
  <system-out/>
</testsuite> <!-- TestCases.SimpliLearnLoginTest -->
